This is pdfTeX, Version 3.14159265-2.6-1.40.18 (TeX Live 2017/Debian) (preloaded format=pdflatex 2019.9.24)  3 MAR 2020 23:29
entering extended mode
 restricted \write18 enabled.
 %&-line parsing enabled.
**Diplom_Sarzhina.tex
(./Diplom_Sarzhina.tex
LaTeX2e <2017-04-15>
Babel <3.18> and hyphenation patterns for 84 language(s) loaded.
(/usr/share/texlive/texmf-dist/tex/latex/extsizes/extarticle.cls
Document Class: extarticle 1996/10/08 v1.0 Non Standard LaTeX document class
(/usr/share/texlive/texmf-dist/tex/latex/extsizes/size14.clo
File: size14.clo 1999/11/11 v1.4a NON-Standard LaTeX file (size option)
)
(/usr/share/texlive/texmf-dist/tex/latex/base/exscale.sty
Package: exscale 2014/09/29 v2.1h Standard LaTeX package exscale
LaTeX Font Info:    Redeclaring symbol font `largesymbols' on input line 57.
LaTeX Font Info:    Overwriting symbol font `largesymbols' in version `normal'
(Font)                  OMX/cmex/m/n --> OMX/cmex/m/n on input line 57.
LaTeX Font Info:    Overwriting symbol font `largesymbols' in version `bold'
(Font)                  OMX/cmex/m/n --> OMX/cmex/m/n on input line 57.
\big@size=\dimen102
)
\c@part=\count79
\c@section=\count80
\c@subsection=\count81
\c@subsubsection=\count82
\c@paragraph=\count83
\c@subparagraph=\count84
\c@figure=\count85
\c@table=\count86
\abovecaptionskip=\skip41
\belowcaptionskip=\skip42
\bibindent=\dimen103
)
(/usr/share/texlive/texmf-dist/tex/latex/base/inputenc.sty
Package: inputenc 2015/03/17 v1.2c Input encoding file
\inpenc@prehook=\toks14
\inpenc@posthook=\toks15

(/usr/share/texlive/texmf-dist/tex/latex/cyrillic/cp1251.def
File: cp1251.def 2014/10/28 v1.0d Input encoding file
))
(/usr/share/texlive/texmf-dist/tex/generic/babel/babel.sty
Package: babel 2018/02/14 3.18 The Babel package

(/usr/share/texlive/texmf-dist/tex/generic/babel/switch.def
File: switch.def 2018/02/14 3.18 Babel switching mechanism
)
(/usr/share/texlive/texmf-dist/tex/generic/babel-english/english.ldf
Language: english 2017/06/06 v3.3r English support from the babel system

(/usr/share/texlive/texmf-dist/tex/generic/babel/babel.def
File: babel.def 2018/02/14 3.18 Babel common definitions
\babel@savecnt=\count87
\U@D=\dimen104

(/usr/share/texlive/texmf-dist/tex/generic/babel/txtbabel.def)
\bbl@dirlevel=\count88
)
\l@canadian = a dialect from \language\l@american 
\l@australian = a dialect from \language\l@british 
\l@newzealand = a dialect from \language\l@british 
)
(/usr/share/texlive/texmf-dist/tex/generic/babel-russian/russianb.ldf
Language: russian 2017/08/12 1.3j Russian support for the Babel system


Package babel Warning: No Cyrillic font encoding has been loaded so far.
(babel)                A font encoding should be declared before babel.
(babel)                Default `T2A' encoding will be loaded  on input line 74.


(/usr/share/texlive/texmf-dist/tex/latex/cyrillic/t2aenc.def
File: t2aenc.def 2005/09/27 v1.0i Cyrillic encoding definition file
)
Package babel Info: Making " an active character on input line 120.
Package babel Info: Default for \cyrdash is provided on input line 157.
))
(/usr/share/texlive/texmf-dist/tex/latex/url/url.sty
\Urlmuskip=\muskip10
Package: url 2013/09/16  ver 3.4  Verb mode for urls, etc.
)
(/usr/share/texlive/texmf-dist/tex/latex/setspace/setspace.sty
Package: setspace 2011/12/19 v6.7a set line spacing
)
(/usr/share/texlive/texmf-dist/tex/latex/changepage/changepage.sty
Package: changepage 2009/10/20 v1.0c check page and change page layout
\c@cp@cntr=\count89
\cp@tempcnt=\count90
)
(/usr/share/texlive/texmf-dist/tex/latex/tools/indentfirst.sty
Package: indentfirst 1995/11/23 v1.03 Indent first paragraph (DPC)
)
(/usr/share/texlive/texmf-dist/tex/latex/algorithms/algorithmic.sty
Package: algorithmic 2009/08/24 v0.1 Document Style `algorithmic'

(/usr/share/texlive/texmf-dist/tex/latex/base/ifthen.sty
Package: ifthen 2014/09/29 v1.1c Standard LaTeX ifthen package (DPC)
)
(/usr/share/texlive/texmf-dist/tex/latex/graphics/keyval.sty
Package: keyval 2014/10/28 v1.15 key=value parser (DPC)
\KV@toks@=\toks16
)
\c@ALC@unique=\count91
\c@ALC@line=\count92
\c@ALC@rem=\count93
\c@ALC@depth=\count94
\ALC@tlm=\skip43
\algorithmicindent=\skip44
)
(/usr/share/texlive/texmf-dist/tex/latex/amsfonts/amssymb.sty
Package: amssymb 2013/01/14 v3.01 AMS font symbols

(/usr/share/texlive/texmf-dist/tex/latex/amsfonts/amsfonts.sty
Package: amsfonts 2013/01/14 v3.01 Basic AMSFonts support
\@emptytoks=\toks17
\symAMSa=\mathgroup4
\symAMSb=\mathgroup5
LaTeX Font Info:    Overwriting math alphabet `\mathfrak' in version `bold'
(Font)                  U/euf/m/n --> U/euf/b/n on input line 106.
))
(/usr/share/texlive/texmf-dist/tex/latex/amsmath/amsmath.sty
Package: amsmath 2017/09/02 v2.17a AMS math features
\@mathmargin=\skip45

For additional information on amsmath, use the `?' option.
(/usr/share/texlive/texmf-dist/tex/latex/amsmath/amstext.sty
Package: amstext 2000/06/29 v2.01 AMS text

(/usr/share/texlive/texmf-dist/tex/latex/amsmath/amsgen.sty
File: amsgen.sty 1999/11/30 v2.0 generic functions
\@emptytoks=\toks18
\ex@=\dimen105
))
(/usr/share/texlive/texmf-dist/tex/latex/amsmath/amsbsy.sty
Package: amsbsy 1999/11/29 v1.2d Bold Symbols
\pmbraise@=\dimen106
)
(/usr/share/texlive/texmf-dist/tex/latex/amsmath/amsopn.sty
Package: amsopn 2016/03/08 v2.02 operator names
)
\inf@bad=\count95
LaTeX Info: Redefining \frac on input line 213.
\uproot@=\count96
\leftroot@=\count97
LaTeX Info: Redefining \overline on input line 375.
\classnum@=\count98
\DOTSCASE@=\count99
LaTeX Info: Redefining \ldots on input line 472.
LaTeX Info: Redefining \dots on input line 475.
LaTeX Info: Redefining \cdots on input line 596.
\Mathstrutbox@=\box26
\strutbox@=\box27
\big@size=\dimen107
LaTeX Font Info:    Redeclaring font encoding OML on input line 712.
LaTeX Font Info:    Redeclaring font encoding OMS on input line 713.
\macc@depth=\count100
\c@MaxMatrixCols=\count101
\dotsspace@=\muskip11
\c@parentequation=\count102
\dspbrk@lvl=\count103
\tag@help=\toks19
\row@=\count104
\column@=\count105
\maxfields@=\count106
\andhelp@=\toks20
\eqnshift@=\dimen108
\alignsep@=\dimen109
\tagshift@=\dimen110
\tagwidth@=\dimen111
\totwidth@=\dimen112
\lineht@=\dimen113
\@envbody=\toks21
\multlinegap=\skip46
\multlinetaggap=\skip47
\mathdisplay@stack=\toks22
LaTeX Info: Redefining \[ on input line 2817.
LaTeX Info: Redefining \] on input line 2818.
)
(/usr/share/texlive/texmf-dist/tex/latex/tools/multicol.sty
Package: multicol 2017/04/11 v1.8q multicolumn formatting (FMi)
\c@tracingmulticols=\count107
\mult@box=\box28
\multicol@leftmargin=\dimen114
\c@unbalance=\count108
\c@collectmore=\count109
\doublecol@number=\count110
\multicoltolerance=\count111
\multicolpretolerance=\count112
\full@width=\dimen115
\page@free=\dimen116
\premulticols=\dimen117
\postmulticols=\dimen118
\multicolsep=\skip48
\multicolbaselineskip=\skip49
\partial@page=\box29
\last@line=\box30
\maxbalancingoverflow=\dimen119
\mult@rightbox=\box31
\mult@grightbox=\box32
\mult@gfirstbox=\box33
\mult@firstbox=\box34
\@tempa=\box35
\@tempa=\box36
\@tempa=\box37
\@tempa=\box38
\@tempa=\box39
\@tempa=\box40
\@tempa=\box41
\@tempa=\box42
\@tempa=\box43
\@tempa=\box44
\@tempa=\box45
\@tempa=\box46
\@tempa=\box47
\@tempa=\box48
\@tempa=\box49
\@tempa=\box50
\@tempa=\box51
\c@columnbadness=\count113
\c@finalcolumnbadness=\count114
\last@try=\dimen120
\multicolovershoot=\dimen121
\multicolundershoot=\dimen122
\mult@nat@firstbox=\box52
\colbreak@box=\box53
\mc@col@check@num=\count115
)
(/usr/share/texlive/texmf-dist/tex/latex/amscls/amsthm.sty
Package: amsthm 2017/10/31 v2.20.4
\thm@style=\toks23
\thm@bodyfont=\toks24
\thm@headfont=\toks25
\thm@notefont=\toks26
\thm@headpunct=\toks27
\thm@preskip=\skip50
\thm@postskip=\skip51
\thm@headsep=\skip52
\dth@everypar=\toks28
)
(/usr/share/texlive/texmf-dist/tex/latex/tools/tabularx.sty
Package: tabularx 2016/02/03 v2.11 `tabularx' package (DPC)

(/usr/share/texlive/texmf-dist/tex/latex/tools/array.sty
Package: array 2016/10/06 v2.4d Tabular extension package (FMi)
\col@sep=\dimen123
\extrarowheight=\dimen124
\NC@list=\toks29
\extratabsurround=\skip53
\backup@length=\skip54
)
\TX@col@width=\dimen125
\TX@old@table=\dimen126
\TX@old@col=\dimen127
\TX@target=\dimen128
\TX@delta=\dimen129
\TX@cols=\count116
\TX@ftn=\toks30
)
(/usr/share/texlive/texmf-dist/tex/latex/enumitem/enumitem.sty
Package: enumitem 2011/09/28 v3.5.2 Customized lists
\labelindent=\skip55
\enit@outerparindent=\dimen130
\enit@toks=\toks31
\enit@inbox=\box54
\enitdp@description=\count117
)
(/usr/share/texlive/texmf-dist/tex/latex/titlesec/titleps.sty
Package: titleps 2016/03/15 v1.1.1 Page styles

(/usr/share/texlive/texmf-dist/tex/latex/titlesec/ttlps.def
File: ttlps.def 2016/03/15
))
(/usr/share/texlive/texmf-dist/tex/latex/lipsum/lipsum.sty
Package: lipsum 2014/07/27 v1.3 150 paragraphs of Lorem Ipsum dummy text
\c@lips@count=\count118
)
(/usr/share/texlive/texmf-dist/tex/latex/jknapltx/mathrsfs.sty
Package: mathrsfs 1996/01/01 Math RSFS package v1.0 (jk)
\symrsfs=\mathgroup6
)
(/usr/share/texlive/texmf-dist/tex/latex/tools/verbatim.sty
Package: verbatim 2014/10/28 v1.5q LaTeX2e package for verbatim enhancements
\every@verbatim=\toks32
\verbatim@line=\toks33
\verbatim@in@stream=\read1
)
(/usr/share/texlive/texmf-dist/tex/latex/pb-diagram/pb-diagram.sty
\dgARROWLENGTH=\skip56
\dgTEXTARROWLENGTH=\skip57
\dgHORIZPAD=\skip58
\dgVERTPAD=\skip59
\dgLABELOFFSET=\skip60
\dgARROWPARTS=\count119
\dgDOTSPACING=\skip61
\dgDOTSIZE=\skip62
\dgMAXSQUARE=\count120
\dgMINDBLSQ=\count121
\dgCOLUMNWIDTH=\skip63
\dg@HORIZ=\count122
\dg@VERT=\count123
\dg@XLPAD=\count124
\dg@YBPAD=\count125
\dg@XRPAD=\count126
\dg@YTPAD=\count127
\dg@X=\count128
\dg@Y=\count129
\dg@XGRID=\count130
\dg@YGRID=\count131
\dg@SIZE=\count132
\dg@USERSIZE=\count133
\dg@DX=\count134
\dg@DY=\count135
\dg@XLBL=\count136
\dg@YLBL=\count137
\dg@XOFFSET=\count138
\dg@YOFFSET=\count139
\dg@LBLOFF=\count140
\dg@XLBLOFF=\count141
\dg@YLBLOFF=\count142
\dg@LBLPOS=\count143
\dg@XTEMP=\count144
\dg@YTEMP=\count145
\dg@ZTEMP=\count146
\dg@XNODE=\count147
\dg@YNODE=\count148
\dg@XEND=\count149
\dg@YEND=\count150
\dg@WEND=\count151
\dg@HEND=\count152
\dg@COUNT=\count153
\dg@NODEBOX=\box55
\dg@LABONEBOX=\box56
\dg@LABTWOBOX=\box57
)
(/usr/share/texlive/texmf-dist/tex/latex/graphics/graphicx.sty
Package: graphicx 2017/06/01 v1.1a Enhanced LaTeX Graphics (DPC,SPQR)

(/usr/share/texlive/texmf-dist/tex/latex/graphics/graphics.sty
Package: graphics 2017/06/25 v1.2c Standard LaTeX Graphics (DPC,SPQR)

(/usr/share/texlive/texmf-dist/tex/latex/graphics/trig.sty
Package: trig 2016/01/03 v1.10 sin cos tan (DPC)
)
(/usr/share/texlive/texmf-dist/tex/latex/graphics-cfg/graphics.cfg
File: graphics.cfg 2016/06/04 v1.11 sample graphics configuration
)
Package graphics Info: Driver file: pdftex.def on input line 99.

(/usr/share/texlive/texmf-dist/tex/latex/graphics-def/pdftex.def
File: pdftex.def 2018/01/08 v1.0l Graphics/color driver for pdftex
))
\Gin@req@height=\dimen131
\Gin@req@width=\dimen132
)
(/usr/share/texlive/texmf-dist/tex/latex/wrapfig/wrapfig.sty
\wrapoverhang=\dimen133
\WF@size=\dimen134
\c@WF@wrappedlines=\count154
\WF@box=\box58
\WF@everypar=\toks34
Package: wrapfig 2003/01/31  v 3.6
)
(/usr/share/texlive/texmf-dist/tex/latex/xcolor/xcolor.sty
Package: xcolor 2016/05/11 v2.12 LaTeX color extensions (UK)

(/usr/share/texlive/texmf-dist/tex/latex/graphics-cfg/color.cfg
File: color.cfg 2016/01/02 v1.6 sample color configuration
)
Package xcolor Info: Driver file: pdftex.def on input line 225.
Package xcolor Info: Model `cmy' substituted by `cmy0' on input line 1348.
Package xcolor Info: Model `hsb' substituted by `rgb' on input line 1352.
Package xcolor Info: Model `RGB' extended on input line 1364.
Package xcolor Info: Model `HTML' substituted by `rgb' on input line 1366.
Package xcolor Info: Model `Hsb' substituted by `hsb' on input line 1367.
Package xcolor Info: Model `tHsb' substituted by `hsb' on input line 1368.
Package xcolor Info: Model `HSB' substituted by `hsb' on input line 1369.
Package xcolor Info: Model `Gray' substituted by `gray' on input line 1370.
Package xcolor Info: Model `wave' substituted by `hsb' on input line 1371.
)
(/usr/share/texlive/texmf-dist/tex/latex/wallpaper/wallpaper.sty
Package: wallpaper 2005/01/18, v1.01 easy wallpaper formatting (MHFW)

(/usr/share/texlive/texmf-dist/tex/latex/tools/calc.sty
Package: calc 2014/10/28 v4.3 Infix arithmetic (KKT,FJ)
\calc@Acount=\count155
\calc@Bcount=\count156
\calc@Adimen=\dimen135
\calc@Bdimen=\dimen136
\calc@Askip=\skip64
\calc@Bskip=\skip65
LaTeX Info: Redefining \setlength on input line 80.
LaTeX Info: Redefining \addtolength on input line 81.
\calc@Ccount=\count157
\calc@Cskip=\skip66
)
(/usr/share/texlive/texmf-dist/tex/latex/eso-pic/eso-pic.sty
Package: eso-pic 2015/07/21 v2.0g eso-pic (RN)

(/usr/share/texlive/texmf-dist/tex/generic/oberdiek/atbegshi.sty
Package: atbegshi 2016/06/09 v1.18 At begin shipout hook (HO)

(/usr/share/texlive/texmf-dist/tex/generic/oberdiek/infwarerr.sty
Package: infwarerr 2016/05/16 v1.4 Providing info/warning/error messages (HO)
)
(/usr/share/texlive/texmf-dist/tex/generic/oberdiek/ltxcmds.sty
Package: ltxcmds 2016/05/16 v1.23 LaTeX kernel commands for general use (HO)
)
(/usr/share/texlive/texmf-dist/tex/generic/oberdiek/ifpdf.sty
Package: ifpdf 2017/03/15 v3.2 Provides the ifpdf switch
)))
\wpXoffset=\skip67
\wpYoffset=\skip68
\tileXoffset=\skip69
\tileYoffset=\skip70
\tilewidth=\skip71
\tileheight=\skip72
\tileX=\skip73
\tileY=\skip74
)
(/usr/share/texlive/texmf-dist/tex/latex/float/float.sty
Package: float 2001/11/08 v1.3d Float enhancements (AL)
\c@float@type=\count158
\float@exts=\toks35
\float@box=\box59
\@float@everytoks=\toks36
\@floatcapt=\box60
)
(/usr/share/texlive/texmf-dist/tex/latex/hyperref/hyperref.sty
Package: hyperref 2018/02/06 v6.86b Hypertext links for LaTeX

(/usr/share/texlive/texmf-dist/tex/generic/oberdiek/hobsub-hyperref.sty
Package: hobsub-hyperref 2016/05/16 v1.14 Bundle oberdiek, subset hyperref (HO)


(/usr/share/texlive/texmf-dist/tex/generic/oberdiek/hobsub-generic.sty
Package: hobsub-generic 2016/05/16 v1.14 Bundle oberdiek, subset generic (HO)
Package: hobsub 2016/05/16 v1.14 Construct package bundles (HO)
Package hobsub Info: Skipping package `infwarerr' (already loaded).
Package hobsub Info: Skipping package `ltxcmds' (already loaded).
Package: ifluatex 2016/05/16 v1.4 Provides the ifluatex switch (HO)
Package ifluatex Info: LuaTeX not detected.
Package: ifvtex 2016/05/16 v1.6 Detect VTeX and its facilities (HO)
Package ifvtex Info: VTeX not detected.
Package: intcalc 2016/05/16 v1.2 Expandable calculations with integers (HO)
Package hobsub Info: Skipping package `ifpdf' (already loaded).
Package: etexcmds 2016/05/16 v1.6 Avoid name clashes with e-TeX commands (HO)
Package etexcmds Info: Could not find \expanded.
(etexcmds)             That can mean that you are not using pdfTeX 1.50 or
(etexcmds)             that some package has redefined \expanded.
(etexcmds)             In the latter case, load this package earlier.
Package: kvsetkeys 2016/05/16 v1.17 Key value parser (HO)
Package: kvdefinekeys 2016/05/16 v1.4 Define keys (HO)
Package: pdftexcmds 2018/01/21 v0.26 Utility functions of pdfTeX for LuaTeX (HO
)
Package pdftexcmds Info: LuaTeX not detected.
Package pdftexcmds Info: \pdf@primitive is available.
Package pdftexcmds Info: \pdf@ifprimitive is available.
Package pdftexcmds Info: \pdfdraftmode found.
Package: pdfescape 2016/05/16 v1.14 Implements pdfTeX's escape features (HO)
Package: bigintcalc 2016/05/16 v1.4 Expandable calculations on big integers (HO
)
Package: bitset 2016/05/16 v1.2 Handle bit-vector datatype (HO)
Package: uniquecounter 2016/05/16 v1.3 Provide unlimited unique counter (HO)
)
Package hobsub Info: Skipping package `hobsub' (already loaded).
Package: letltxmacro 2016/05/16 v1.5 Let assignment for LaTeX macros (HO)
Package: hopatch 2016/05/16 v1.3 Wrapper for package hooks (HO)
Package: xcolor-patch 2016/05/16 xcolor patch
Package: atveryend 2016/05/16 v1.9 Hooks at the very end of document (HO)
Package atveryend Info: \enddocument detected (standard20110627).
Package hobsub Info: Skipping package `atbegshi' (already loaded).
Package: refcount 2016/05/16 v3.5 Data extraction from label references (HO)
Package: hycolor 2016/05/16 v1.8 Color options for hyperref/bookmark (HO)
)
(/usr/share/texlive/texmf-dist/tex/generic/ifxetex/ifxetex.sty
Package: ifxetex 2010/09/12 v0.6 Provides ifxetex conditional
)
(/usr/share/texlive/texmf-dist/tex/latex/oberdiek/auxhook.sty
Package: auxhook 2016/05/16 v1.4 Hooks for auxiliary files (HO)
)
(/usr/share/texlive/texmf-dist/tex/latex/oberdiek/kvoptions.sty
Package: kvoptions 2016/05/16 v3.12 Key value format for package options (HO)
)
\@linkdim=\dimen137
\Hy@linkcounter=\count159
\Hy@pagecounter=\count160

(/usr/share/texlive/texmf-dist/tex/latex/hyperref/pd1enc.def
File: pd1enc.def 2018/02/06 v6.86b Hyperref: PDFDocEncoding definition (HO)
)
\Hy@SavedSpaceFactor=\count161
Package hyperref Info: Option `unicode' set `true' on input line 3456.

(/usr/share/texlive/texmf-dist/tex/latex/hyperref/puenc.def
File: puenc.def 2018/02/06 v6.86b Hyperref: PDF Unicode definition (HO)
)
(/usr/share/texlive/texmf-dist/tex/latex/latexconfig/hyperref.cfg
File: hyperref.cfg 2002/06/06 v1.2 hyperref configuration of TeXLive
)
Package hyperref Info: Hyper figures OFF on input line 4509.
Package hyperref Info: Link nesting OFF on input line 4514.
Package hyperref Info: Hyper index ON on input line 4517.
Package hyperref Info: Plain pages OFF on input line 4524.
Package hyperref Info: Backreferencing OFF on input line 4529.
Package hyperref Info: Implicit mode ON; LaTeX internals redefined.
Package hyperref Info: Bookmarks ON on input line 4762.
\c@Hy@tempcnt=\count162
LaTeX Info: Redefining \url on input line 5115.
\XeTeXLinkMargin=\dimen138
\Fld@menulength=\count163
\Field@Width=\dimen139
\Fld@charsize=\dimen140
Package hyperref Info: Hyper figures OFF on input line 6369.
Package hyperref Info: Link nesting OFF on input line 6374.
Package hyperref Info: Hyper index ON on input line 6377.
Package hyperref Info: backreferencing OFF on input line 6384.
Package hyperref Info: Link coloring OFF on input line 6389.
Package hyperref Info: Link coloring with OCG OFF on input line 6394.
Package hyperref Info: PDF/A mode OFF on input line 6399.
LaTeX Info: Redefining \ref on input line 6439.
LaTeX Info: Redefining \pageref on input line 6443.
\Hy@abspage=\count164
\c@Item=\count165
\c@Hfootnote=\count166
)
Package hyperref Info: Driver (autodetected): hpdftex.

(/usr/share/texlive/texmf-dist/tex/latex/hyperref/hpdftex.def
File: hpdftex.def 2018/02/06 v6.86b Hyperref driver for pdfTeX
\Fld@listcount=\count167
\c@bookmark@seq@number=\count168

(/usr/share/texlive/texmf-dist/tex/latex/oberdiek/rerunfilecheck.sty
Package: rerunfilecheck 2016/05/16 v1.8 Rerun checks for auxiliary files (HO)
Package uniquecounter Info: New unique counter `rerunfilecheck' on input line 2
82.
)
\Hy@SectionHShift=\skip75
)
(/usr/share/texlive/texmf-dist/tex/latex/multirow/multirow.sty
Package: multirow 2016/11/25 v2.2 Span multiple rows of a table
\multirow@colwidth=\skip76
\multirow@cntb=\count169
\multirow@dima=\skip77
\bigstrutjot=\dimen141
)
(/usr/share/texlive/texmf-dist/tex/latex/tools/longtable.sty
Package: longtable 2014/10/28 v4.11 Multi-page Table package (DPC)
\LTleft=\skip78
\LTright=\skip79
\LTpre=\skip80
\LTpost=\skip81
\LTchunksize=\count170
\LTcapwidth=\dimen142
\LT@head=\box61
\LT@firsthead=\box62
\LT@foot=\box63
\LT@lastfoot=\box64
\LT@cols=\count171
\LT@rows=\count172
\c@LT@tables=\count173
\c@LT@chunks=\count174
\LT@p@ftn=\toks37
)
(/usr/share/texlive/texmf-dist/tex/latex/graphics/rotating.sty
Package: rotating 2016/08/11 v2.16d rotated objects in LaTeX
\c@r@tfl@t=\count175
\rotFPtop=\skip82
\rotFPbot=\skip83
\rot@float@box=\box65
\rot@mess@toks=\toks38
)
(/usr/share/texlive/texmf-dist/tex/latex/graphics/epsfig.sty
Package: epsfig 2017/06/25 v1.7b (e)psfig emulation (SPQR)
\epsfxsize=\dimen143
\epsfysize=\dimen144
)
(/usr/share/texlive/texmf-dist/tex/latex/subfig/subfig.sty
Package: subfig 2005/06/28 ver: 1.3 subfig package

(/usr/share/texlive/texmf-dist/tex/latex/caption/caption.sty
Package: caption 2016/02/21 v3.3-144 Customizing captions (AR)

(/usr/share/texlive/texmf-dist/tex/latex/caption/caption3.sty
Package: caption3 2016/05/22 v1.7-166 caption3 kernel (AR)
Package caption3 Info: TeX engine: e-TeX on input line 67.
\captionmargin=\dimen145
\captionmargin@=\dimen146
\captionwidth=\dimen147
\caption@tempdima=\dimen148
\caption@indent=\dimen149
\caption@parindent=\dimen150
\caption@hangindent=\dimen151
)
\c@ContinuedFloat=\count176
Package caption Info: float package is loaded.
Package caption Info: hyperref package is loaded.
Package caption Info: longtable package is loaded.

(/usr/share/texlive/texmf-dist/tex/latex/caption/ltcaption.sty
Package: ltcaption 2013/06/09 v1.4-94 longtable captions (AR)
)
Package caption Info: rotating package is loaded.
Package caption Info: wrapfig package is loaded.
)
\c@KVtest=\count177
\sf@farskip=\skip84
\sf@captopadj=\dimen152
\sf@capskip=\skip85
\sf@nearskip=\skip86
\c@subfigure=\count178
\c@subfigure@save=\count179
\c@lofdepth=\count180
\c@subtable=\count181
\c@subtable@save=\count182
\c@lotdepth=\count183
\sf@top=\skip87
\sf@bottom=\skip88
)
(/usr/share/texlive/texmf-dist/tex/latex/geometry/geometry.sty
Package: geometry 2010/09/12 v5.6 Page Geometry
\Gm@cnth=\count184
\Gm@cntv=\count185
\c@Gm@tempcnt=\count186
\Gm@bindingoffset=\dimen153
\Gm@wd@mp=\dimen154
\Gm@odd@mp=\dimen155
\Gm@even@mp=\dimen156
\Gm@layoutwidth=\dimen157
\Gm@layoutheight=\dimen158
\Gm@layouthoffset=\dimen159
\Gm@layoutvoffset=\dimen160
\Gm@dimlist=\toks39
)
\c@Lemma=\count187

(./Diplom_Sarzhina.aux
LaTeX Font Info:    Try loading font information for T2A+cmr on input line 20.

(/usr/share/texlive/texmf-dist/tex/latex/cyrillic/t2acmr.fd
File: t2acmr.fd 2001/08/11 v1.0a Computer Modern Cyrillic font definitions
))
\openout1 = `Diplom_Sarzhina.aux'.

LaTeX Font Info:    Checking defaults for OML/cmm/m/it on input line 63.
LaTeX Font Info:    ... okay on input line 63.
LaTeX Font Info:    Checking defaults for T1/cmr/m/n on input line 63.
LaTeX Font Info:    ... okay on input line 63.
LaTeX Font Info:    Checking defaults for OT1/cmr/m/n on input line 63.
LaTeX Font Info:    ... okay on input line 63.
LaTeX Font Info:    Checking defaults for OMS/cmsy/m/n on input line 63.
LaTeX Font Info:    ... okay on input line 63.
LaTeX Font Info:    Checking defaults for OMX/cmex/m/n on input line 63.
LaTeX Font Info:    ... okay on input line 63.
LaTeX Font Info:    Checking defaults for U/cmr/m/n on input line 63.
LaTeX Font Info:    ... okay on input line 63.
LaTeX Font Info:    Checking defaults for T2A/cmr/m/n on input line 63.
LaTeX Font Info:    ... okay on input line 63.
LaTeX Font Info:    Checking defaults for PD1/pdf/m/n on input line 63.
LaTeX Font Info:    ... okay on input line 63.
LaTeX Font Info:    Checking defaults for PU/pdf/m/n on input line 63.
LaTeX Font Info:    ... okay on input line 63.

(/usr/share/texlive/texmf-dist/tex/context/base/mkii/supp-pdf.mkii
[Loading MPS to PDF converter (version 2006.09.02).]
\scratchcounter=\count188
\scratchdimen=\dimen161
\scratchbox=\box66
\nofMPsegments=\count189
\nofMParguments=\count190
\everyMPshowfont=\toks40
\MPscratchCnt=\count191
\MPscratchDim=\dimen162
\MPnumerator=\count192
\makeMPintoPDFobject=\count193
\everyMPtoPDFconversion=\toks41
) (/usr/share/texlive/texmf-dist/tex/latex/oberdiek/epstopdf-base.sty
Package: epstopdf-base 2016/05/15 v2.6 Base part for package epstopdf

(/usr/share/texlive/texmf-dist/tex/latex/oberdiek/grfext.sty
Package: grfext 2016/05/16 v1.2 Manage graphics extensions (HO)
)
Package epstopdf-base Info: Redefining graphics rule for `.eps' on input line 4
38.
Package grfext Info: Graphics extension search list:
(grfext)             [.pdf,.png,.jpg,.mps,.jpeg,.jbig2,.jb2,.PDF,.PNG,.JPG,.JPE
G,.JBIG2,.JB2,.eps]
(grfext)             \AppendGraphicsExtensions on input line 456.

(/usr/share/texlive/texmf-dist/tex/latex/latexconfig/epstopdf-sys.cfg
File: epstopdf-sys.cfg 2010/07/13 v1.3 Configuration of (r)epstopdf for TeX Liv
e
))
\AtBeginShipoutBox=\box67
Package hyperref Info: Link coloring OFF on input line 63.

(/usr/share/texlive/texmf-dist/tex/latex/hyperref/nameref.sty
Package: nameref 2016/05/21 v2.44 Cross-referencing by name of section

(/usr/share/texlive/texmf-dist/tex/generic/oberdiek/gettitlestring.sty
Package: gettitlestring 2016/05/16 v1.5 Cleanup title references (HO)
)
\c@section@level=\count194
)
LaTeX Info: Redefining \ref on input line 63.
LaTeX Info: Redefining \pageref on input line 63.
LaTeX Info: Redefining \nameref on input line 63.

(./Diplom_Sarzhina.out) (./Diplom_Sarzhina.out)
\@outlinefile=\write3
\openout3 = `Diplom_Sarzhina.out'.

Package caption Info: Begin \AtBeginDocument code.
Package caption Info: subfig package v1.3 is loaded.
Package caption Info: End \AtBeginDocument code.

*geometry* driver: auto-detecting
*geometry* detected driver: pdftex
*geometry* verbose mode - [ preamble ] result:
* driver: pdftex
* paper: a4paper
* layout: <same size as paper>
* layoutoffset:(h,v)=(0.0pt,0.0pt)
* modes: 
* h-part:(L,W,R)=(85.35826pt, 469.47049pt, 42.67912pt)
* v-part:(T,H,B)=(56.9055pt, 731.23584pt, 56.9055pt)
* \paperwidth=597.50787pt
* \paperheight=845.04684pt
* \textwidth=469.47049pt
* \textheight=731.23584pt
* \oddsidemargin=13.08827pt
* \evensidemargin=13.08827pt
* \topmargin=-54.36449pt
* \headheight=14.0pt
* \headsep=25.0pt
* \topskip=14.0pt
* \footskip=30.0pt
* \marginparwidth=15.0pt
* \marginparsep=10.0pt
* \columnsep=10.0pt
* \skip\footins=12.0pt plus 4.0pt minus 2.0pt
* \hoffset=0.0pt
* \voffset=0.0pt
* \mag=1000
* \@twocolumnfalse
* \@twosidefalse
* \@mparswitchfalse
* \@reversemarginfalse
* (1in=72.27pt=25.4mm, 1cm=28.453pt)

Package babel Info: Redefining russian shorthand "|
(babel)             in language  on input line 103.
Package babel Info: Redefining russian shorthand "~
(babel)             in language  on input line 103.
Package babel Info: Redefining russian shorthand "|
(babel)             in language  on input line 103.
Package babel Info: Redefining russian shorthand "~
(babel)             in language  on input line 103.
[1

{/var/lib/texmf/fonts/map/pdftex/updmap/pdftex.map}] (./Diplom_Sarzhina.toc
LaTeX Font Info:    Try loading font information for U+msa on input line 6.

(/usr/share/texlive/texmf-dist/tex/latex/amsfonts/umsa.fd
File: umsa.fd 2013/01/14 v3.01 AMS symbols A
)
LaTeX Font Info:    Try loading font information for U+msb on input line 6.

(/usr/share/texlive/texmf-dist/tex/latex/amsfonts/umsb.fd
File: umsb.fd 2013/01/14 v3.01 AMS symbols B
)
LaTeX Font Info:    Try loading font information for U+rsfs on input line 6.

(/usr/share/texlive/texmf-dist/tex/latex/jknapltx/ursfs.fd
File: ursfs.fd 1998/03/24 rsfs font definition file (jk)
))
\tf@toc=\write4
\openout4 = `Diplom_Sarzhina.toc'.

Package babel Info: Redefining russian shorthand "|
(babel)             in language  on input line 105.
Package babel Info: Redefining russian shorthand "~
(babel)             in language  on input line 105.
Package babel Info: Redefining russian shorthand "|
(babel)             in language  on input line 105.
Package babel Info: Redefining russian shorthand "~
(babel)             in language  on input line 105.
 [2]
Package babel Info: Redefining russian shorthand "|
(babel)             in language  on input line 108.
Package babel Info: Redefining russian shorthand "~
(babel)             in language  on input line 108.

Overfull \hbox (11.23108pt too wide) in paragraph at lines 110--112
\T2A/cmr/m/n/14.4 ста-ци-о-нар-ных со-сто-я-ний мо-де-ли ВИЧ-инфекции Бочарова-
Перцева при фик-
 []

Package babel Info: Redefining russian shorthand "|
(babel)             in language  on input line 113.
Package babel Info: Redefining russian shorthand "~
(babel)             in language  on input line 113.
Package babel Info: Redefining russian shorthand "|
(babel)             in language  on input line 117.
Package babel Info: Redefining russian shorthand "~
(babel)             in language  on input line 117.
LaTeX Font Info:    Try loading font information for OMS+cmr on input line 122.

(/usr/share/texlive/texmf-dist/tex/latex/base/omscmr.fd
File: omscmr.fd 2014/09/29 v2.5h Standard LaTeX font definitions
)
LaTeX Font Info:    Font shape `OMS/cmr/m/n' in size <14.4> not available
(Font)              Font shape `OMS/cmsy/m/n' tried instead on input line 122.
Package babel Info: Redefining russian shorthand "|
(babel)             in language  on input line 129.
Package babel Info: Redefining russian shorthand "~
(babel)             in language  on input line 129.
Package babel Info: Redefining russian shorthand "|
(babel)             in language  on input line 129.
Package babel Info: Redefining russian shorthand "~
(babel)             in language  on input line 129.
 [3]
Underfull \hbox (badness 10000) in paragraph at lines 137--138

 []

Package babel Info: Redefining russian shorthand "|
(babel)             in language  on input line 163.
Package babel Info: Redefining russian shorthand "~
(babel)             in language  on input line 163.
Package babel Info: Redefining russian shorthand "|
(babel)             in language  on input line 163.
Package babel Info: Redefining russian shorthand "~
(babel)             in language  on input line 163.
[4]
Overfull \hbox (8.11903pt too wide) in paragraph at lines 199--241
 [] 
 []


LaTeX Warning: `!h' float specifier changed to `!ht'.


LaTeX Warning: `!h' float specifier changed to `!ht'.

Package babel Info: Redefining russian shorthand "|
(babel)             in language  on input line 298.
Package babel Info: Redefining russian shorthand "~
(babel)             in language  on input line 298.
Package babel Info: Redefining russian shorthand "|
(babel)             in language  on input line 298.
Package babel Info: Redefining russian shorthand "~
(babel)             in language  on input line 298.
[5]
Package babel Info: Redefining russian shorthand "|
(babel)             in language  on input line 301.
Package babel Info: Redefining russian shorthand "~
(babel)             in language  on input line 301.
Package babel Info: Redefining russian shorthand "|
(babel)             in language  on input line 301.
Package babel Info: Redefining russian shorthand "~
(babel)             in language  on input line 301.
 [6]
Package babel Info: Redefining russian shorthand "|
(babel)             in language  on input line 317.
Package babel Info: Redefining russian shorthand "~
(babel)             in language  on input line 317.
Package babel Info: Redefining russian shorthand "|
(babel)             in language  on input line 317.
Package babel Info: Redefining russian shorthand "~
(babel)             in language  on input line 317.
 [7]
Package babel Info: Redefining russian shorthand "|
(babel)             in language  on input line 317.
Package babel Info: Redefining russian shorthand "~
(babel)             in language  on input line 317.
Package babel Info: Redefining russian shorthand "|
(babel)             in language  on input line 317.
Package babel Info: Redefining russian shorthand "~
(babel)             in language  on input line 317.
 [8]
Package babel Info: Redefining russian shorthand "|
(babel)             in language  on input line 318.
Package babel Info: Redefining russian shorthand "~
(babel)             in language  on input line 318.
Package babel Info: Redefining russian shorthand "|
(babel)             in language  on input line 319.
Package babel Info: Redefining russian shorthand "~
(babel)             in language  on input line 319.
Package babel Info: Redefining russian shorthand "|
(babel)             in language  on input line 345.
Package babel Info: Redefining russian shorthand "~
(babel)             in language  on input line 345.
Package babel Info: Redefining russian shorthand "|
(babel)             in language  on input line 345.
Package babel Info: Redefining russian shorthand "~
(babel)             in language  on input line 345.
 [9]
Package babel Info: Redefining russian shorthand "|
(babel)             in language  on input line 419.
Package babel Info: Redefining russian shorthand "~
(babel)             in language  on input line 419.
Package babel Info: Redefining russian shorthand "|
(babel)             in language  on input line 445.
Package babel Info: Redefining russian shorthand "~
(babel)             in language  on input line 445.
Package babel Info: Redefining russian shorthand "|
(babel)             in language  on input line 445.
Package babel Info: Redefining russian shorthand "~
(babel)             in language  on input line 445.
 [10]pdfTeX warning (ext4): destination with the same identifier (name{equation
.4.14}) has been already used, duplicate ignored
<to be read again> 
                   \relax 
l.468 	\begin{eqnarray}
                       pdfTeX warning (ext4): destination with the same identif
ier (name{equation.4.14}) has been already used, duplicate ignored
<to be read again> 
                   \relax 
l.468 	\begin{eqnarray}
                       pdfTeX warning (ext4): destination with the same identif
ier (name{equation.4.14}) has been already used, duplicate ignored
<to be read again> 
                   \relax 
l.468 	\begin{eqnarray}
                       pdfTeX warning (ext4): destination with the same identif
ier (name{equation.4.14}) has been already used, duplicate ignored
<to be read again> 
                   \relax 
l.468 	\begin{eqnarray}
                       
Package babel Info: Redefining russian shorthand "|
(babel)             in language  on input line 472.
Package babel Info: Redefining russian shorthand "~
(babel)             in language  on input line 472.
Package babel Info: Redefining russian shorthand "|
(babel)             in language  on input line 472.
Package babel Info: Redefining russian shorthand "~
(babel)             in language  on input line 472.
 [11]
Overfull \hbox (8.02237pt too wide) in alignment at lines 486--500
 [][][] []
 []

Package babel Info: Redefining russian shorthand "|
(babel)             in language  on input line 514.
Package babel Info: Redefining russian shorthand "~
(babel)             in language  on input line 514.
Package babel Info: Redefining russian shorthand "|
(babel)             in language  on input line 514.
Package babel Info: Redefining russian shorthand "~
(babel)             in language  on input line 514.
[12]
Package epstopdf Info: Source file: <Figures/test1.eps>
(epstopdf)                    date: 2019-10-30 01:09:14
(epstopdf)                    size: 284217 bytes
(epstopdf)             Output file: <Figures/test1-eps-converted-to.pdf>
(epstopdf)                    date: 2019-10-30 12:07:57
(epstopdf)                    size: 74988 bytes
(epstopdf)             Command: <repstopdf --outfile=Figures/test1-eps-converte
d-to.pdf Figures/test1.eps>
(epstopdf)             \includegraphics on input line 527.
Package epstopdf Info: Output file is already uptodate.


pdfTeX warning: /usr/bin/pdflatex (file ./Figures/test1-eps-converted-to.pdf): 
PDF inclusion: found PDF version <1.7>, but at most version <1.5> allowed
<Figures/test1-eps-converted-to.pdf, id=164, 526.96875pt x 677.53125pt>
File: Figures/test1-eps-converted-to.pdf Graphic file (type pdf)
<use Figures/test1-eps-converted-to.pdf>
Package pdftex.def Info: Figures/test1-eps-converted-to.pdf  used on input line
 527.
(pdftex.def)             Requested size: 526.96745pt x 677.52959pt.

LaTeX Warning: Float too large for page by 7.29375pt on input line 530.

Package epstopdf Info: Source file: <Figures/test2.eps>
(epstopdf)                    date: 2019-10-30 12:08:56
(epstopdf)                    size: 273446 bytes
(epstopdf)             Output file: <Figures/test2-eps-converted-to.pdf>
(epstopdf)                    date: 2019-10-30 12:09:02
(epstopdf)                    size: 68277 bytes
(epstopdf)             Command: <repstopdf --outfile=Figures/test2-eps-converte
d-to.pdf Figures/test2.eps>
(epstopdf)             \includegraphics on input line 533.
Package epstopdf Info: Output file is already uptodate.


pdfTeX warning: /usr/bin/pdflatex (file ./Figures/test2-eps-converted-to.pdf): 
PDF inclusion: found PDF version <1.7>, but at most version <1.5> allowed
<Figures/test2-eps-converted-to.pdf, id=169, 526.96875pt x 677.53125pt>
File: Figures/test2-eps-converted-to.pdf Graphic file (type pdf)
<use Figures/test2-eps-converted-to.pdf>
Package pdftex.def Info: Figures/test2-eps-converted-to.pdf  used on input line
 533.
(pdftex.def)             Requested size: 526.96745pt x 677.52959pt.

LaTeX Warning: Float too large for page by 7.29375pt on input line 536.

Package epstopdf Info: Source file: <Figures/test3.eps>
(epstopdf)                    date: 2019-11-05 16:24:55
(epstopdf)                    size: 279712 bytes
(epstopdf)             Output file: <Figures/test3-eps-converted-to.pdf>
(epstopdf)                    date: 2019-11-07 11:09:12
(epstopdf)                    size: 79304 bytes
(epstopdf)             Command: <repstopdf --outfile=Figures/test3-eps-converte
d-to.pdf Figures/test3.eps>
(epstopdf)             \includegraphics on input line 539.
Package epstopdf Info: Output file is already uptodate.


pdfTeX warning: /usr/bin/pdflatex (file ./Figures/test3-eps-converted-to.pdf): 
PDF inclusion: found PDF version <1.7>, but at most version <1.5> allowed
<Figures/test3-eps-converted-to.pdf, id=174, 526.96875pt x 677.53125pt>
File: Figures/test3-eps-converted-to.pdf Graphic file (type pdf)
<use Figures/test3-eps-converted-to.pdf>
Package pdftex.def Info: Figures/test3-eps-converted-to.pdf  used on input line
 539.
(pdftex.def)             Requested size: 526.96745pt x 677.52959pt.

LaTeX Warning: Float too large for page by 7.29375pt on input line 542.

Package epstopdf Info: Source file: <Figures/test4.eps>
(epstopdf)                    date: 2019-11-10 13:02:04
(epstopdf)                    size: 283896 bytes
(epstopdf)             Output file: <Figures/test4-eps-converted-to.pdf>
(epstopdf)                    date: 2019-11-10 13:02:10
(epstopdf)                    size: 76007 bytes
(epstopdf)             Command: <repstopdf --outfile=Figures/test4-eps-converte
d-to.pdf Figures/test4.eps>
(epstopdf)             \includegraphics on input line 545.
Package epstopdf Info: Output file is already uptodate.


pdfTeX warning: /usr/bin/pdflatex (file ./Figures/test4-eps-converted-to.pdf): 
PDF inclusion: found PDF version <1.7>, but at most version <1.5> allowed
<Figures/test4-eps-converted-to.pdf, id=179, 526.96875pt x 677.53125pt>
File: Figures/test4-eps-converted-to.pdf Graphic file (type pdf)
<use Figures/test4-eps-converted-to.pdf>
Package pdftex.def Info: Figures/test4-eps-converted-to.pdf  used on input line
 545.
(pdftex.def)             Requested size: 526.96745pt x 677.52959pt.

LaTeX Warning: Float too large for page by 7.29375pt on input line 548.

Package babel Info: Redefining russian shorthand "|
(babel)             in language  on input line 550.
Package babel Info: Redefining russian shorthand "~
(babel)             in language  on input line 550.
Package babel Info: Redefining russian shorthand "|
(babel)             in language  on input line 585.
Package babel Info: Redefining russian shorthand "~
(babel)             in language  on input line 585.
Package babel Info: Redefining russian shorthand "|
(babel)             in language  on input line 585.
Package babel Info: Redefining russian shorthand "~
(babel)             in language  on input line 585.
[13]
Package babel Info: Redefining russian shorthand "|
(babel)             in language  on input line 585.
Package babel Info: Redefining russian shorthand "~
(babel)             in language  on input line 585.
Package babel Info: Redefining russian shorthand "|
(babel)             in language  on input line 585.
Package babel Info: Redefining russian shorthand "~
(babel)             in language  on input line 585.
 [14 <./Figures/test1-eps-converted-to.pdf>]
Package babel Info: Redefining russian shorthand "|
(babel)             in language  on input line 585.
Package babel Info: Redefining russian shorthand "~
(babel)             in language  on input line 585.
Package babel Info: Redefining russian shorthand "|
(babel)             in language  on input line 585.
Package babel Info: Redefining russian shorthand "~
(babel)             in language  on input line 585.
 [15 <./Figures/test2-eps-converted-to.pdf>]
Package babel Info: Redefining russian shorthand "|
(babel)             in language  on input line 585.
Package babel Info: Redefining russian shorthand "~
(babel)             in language  on input line 585.
Package babel Info: Redefining russian shorthand "|
(babel)             in language  on input line 585.
Package babel Info: Redefining russian shorthand "~
(babel)             in language  on input line 585.
 [16 <./Figures/test3-eps-converted-to.pdf>]
Package babel Info: Redefining russian shorthand "|
(babel)             in language  on input line 585.
Package babel Info: Redefining russian shorthand "~
(babel)             in language  on input line 585.
Package babel Info: Redefining russian shorthand "|
(babel)             in language  on input line 585.
Package babel Info: Redefining russian shorthand "~
(babel)             in language  on input line 585.
 [17 <./Figures/test4-eps-converted-to.pdf>]

LaTeX Warning: `h' float specifier changed to `ht'.

Package babel Info: Redefining russian shorthand "|
(babel)             in language  on input line 670.
Package babel Info: Redefining russian shorthand "~
(babel)             in language  on input line 670.
Package babel Info: Redefining russian shorthand "|
(babel)             in language  on input line 670.
Package babel Info: Redefining russian shorthand "~
(babel)             in language  on input line 670.
[18pdfTeX warning (ext4): destination with the same identifier (name{equation.5
.22}) has been already used, duplicate ignored

\AtBegShi@Output ...ipout \box \AtBeginShipoutBox 
                                                  \fi \fi 
l.670 	\newpage
               ]
Package babel Info: Redefining russian shorthand "|
(babel)             in language  on input line 671.
Package babel Info: Redefining russian shorthand "~
(babel)             in language  on input line 671.
Package babel Info: Redefining russian shorthand "|
(babel)             in language  on input line 696.
Package babel Info: Redefining russian shorthand "~
(babel)             in language  on input line 696.
Package babel Info: Redefining russian shorthand "|
(babel)             in language  on input line 696.
Package babel Info: Redefining russian shorthand "~
(babel)             in language  on input line 696.
 [19]
Overfull \hbox (7.47128pt too wide) detected at line 704
[]
 []

Package babel Info: Redefining russian shorthand "|
(babel)             in language  on input line 725.
Package babel Info: Redefining russian shorthand "~
(babel)             in language  on input line 725.
Package babel Info: Redefining russian shorthand "|
(babel)             in language  on input line 725.
Package babel Info: Redefining russian shorthand "~
(babel)             in language  on input line 725.
[20]
Package babel Info: Redefining russian shorthand "|
(babel)             in language  on input line 755.
Package babel Info: Redefining russian shorthand "~
(babel)             in language  on input line 755.
Package babel Info: Redefining russian shorthand "|
(babel)             in language  on input line 755.
Package babel Info: Redefining russian shorthand "~
(babel)             in language  on input line 755.
 [21]
Overfull \hbox (2.44911pt too wide) in paragraph at lines 783--784
\T2A/cmr/m/n/14.4 чине ре-ше-ние ли-ней-ной про-бле-мы соб-ствен-ных зна-че-ний
 $\OML/cmm/m/it/14.4 A\OT1/cmr/m/n/14.4 (\OML/cmm/m/it/14.4 ^^U[]\OT1/cmr/m/n/1
4.4 )\OML/cmm/m/it/14.4 x \OT1/cmr/m/n/14.4 = \OML/cmm/m/it/14.4 ^^WB\OT1/cmr/m
/n/14.4 (\OML/cmm/m/it/14.4 ^^U[]\OT1/cmr/m/n/14.4 )\OML/cmm/m/it/14.4 x$\T2A/c
mr/m/n/14.4 ,
 []

Package babel Info: Redefining russian shorthand "|
(babel)             in language  on input line 792.
Package babel Info: Redefining russian shorthand "~
(babel)             in language  on input line 792.
Package babel Info: Redefining russian shorthand "|
(babel)             in language  on input line 792.
Package babel Info: Redefining russian shorthand "~
(babel)             in language  on input line 792.
[22pdfTeX warning (ext4): destination with the same identifier (name{equation.6
.29}) has been already used, duplicate ignored

\AtBegShi@Output ...ipout \box \AtBeginShipoutBox 
                                                  \fi \fi 
l.792 	\end{multline}
                     ]
Package epstopdf Info: Source file: <Figures/1.eps>
(epstopdf)                    date: 2020-03-03 19:49:01
(epstopdf)                    size: 20170 bytes
(epstopdf)             Output file: <Figures/1-eps-converted-to.pdf>
(epstopdf)                    date: 2020-03-03 22:09:59
(epstopdf)                    size: 5766 bytes
(epstopdf)             Command: <repstopdf --outfile=Figures/1-eps-converted-to
.pdf Figures/1.eps>
(epstopdf)             \includegraphics on input line 799.
Package epstopdf Info: Output file is already uptodate.


pdfTeX warning: /usr/bin/pdflatex (file ./Figures/1-eps-converted-to.pdf): PDF 
inclusion: found PDF version <1.7>, but at most version <1.5> allowed
<Figures/1-eps-converted-to.pdf, id=299, 421.575pt x 316.18124pt>
File: Figures/1-eps-converted-to.pdf Graphic file (type pdf)
<use Figures/1-eps-converted-to.pdf>
Package pdftex.def Info: Figures/1-eps-converted-to.pdf  used on input line 799
.
(pdftex.def)             Requested size: 548.04742pt x 411.03557pt.
Package epstopdf Info: Source file: <Figures/2.eps>
(epstopdf)                    date: 2020-03-03 19:49:14
(epstopdf)                    size: 18518 bytes
(epstopdf)             Output file: <Figures/2-eps-converted-to.pdf>
(epstopdf)                    date: 2020-03-03 22:10:00
(epstopdf)                    size: 5663 bytes
(epstopdf)             Command: <repstopdf --outfile=Figures/2-eps-converted-to
.pdf Figures/2.eps>
(epstopdf)             \includegraphics on input line 805.
Package epstopdf Info: Output file is already uptodate.


pdfTeX warning: /usr/bin/pdflatex (file ./Figures/2-eps-converted-to.pdf): PDF 
inclusion: found PDF version <1.7>, but at most version <1.5> allowed
<Figures/2-eps-converted-to.pdf, id=300, 421.575pt x 316.18124pt>
File: Figures/2-eps-converted-to.pdf Graphic file (type pdf)
<use Figures/2-eps-converted-to.pdf>
Package pdftex.def Info: Figures/2-eps-converted-to.pdf  used on input line 805
.
(pdftex.def)             Requested size: 548.04742pt x 411.03557pt.
Package epstopdf Info: Source file: <Figures/3.eps>
(epstopdf)                    date: 2020-03-03 19:49:27
(epstopdf)                    size: 18483 bytes
(epstopdf)             Output file: <Figures/3-eps-converted-to.pdf>
(epstopdf)                    date: 2020-03-03 22:10:00
(epstopdf)                    size: 5464 bytes
(epstopdf)             Command: <repstopdf --outfile=Figures/3-eps-converted-to
.pdf Figures/3.eps>
(epstopdf)             \includegraphics on input line 811.
Package epstopdf Info: Output file is already uptodate.


pdfTeX warning: /usr/bin/pdflatex (file ./Figures/3-eps-converted-to.pdf): PDF 
inclusion: found PDF version <1.7>, but at most version <1.5> allowed
<Figures/3-eps-converted-to.pdf, id=301, 421.575pt x 316.18124pt>
File: Figures/3-eps-converted-to.pdf Graphic file (type pdf)
<use Figures/3-eps-converted-to.pdf>
Package pdftex.def Info: Figures/3-eps-converted-to.pdf  used on input line 811
.
(pdftex.def)             Requested size: 548.04742pt x 411.03557pt.
Package epstopdf Info: Source file: <Figures/4.eps>
(epstopdf)                    date: 2020-03-03 19:49:38
(epstopdf)                    size: 19131 bytes
(epstopdf)             Output file: <Figures/4-eps-converted-to.pdf>
(epstopdf)                    date: 2020-03-03 22:10:01
(epstopdf)                    size: 5568 bytes
(epstopdf)             Command: <repstopdf --outfile=Figures/4-eps-converted-to
.pdf Figures/4.eps>
(epstopdf)             \includegraphics on input line 817.
Package epstopdf Info: Output file is already uptodate.


pdfTeX warning: /usr/bin/pdflatex (file ./Figures/4-eps-converted-to.pdf): PDF 
inclusion: found PDF version <1.7>, but at most version <1.5> allowed
<Figures/4-eps-converted-to.pdf, id=302, 421.575pt x 316.18124pt>
File: Figures/4-eps-converted-to.pdf Graphic file (type pdf)
<use Figures/4-eps-converted-to.pdf>
Package pdftex.def Info: Figures/4-eps-converted-to.pdf  used on input line 817
.
(pdftex.def)             Requested size: 548.04742pt x 411.03557pt.
Package epstopdf Info: Source file: <Figures/5.eps>
(epstopdf)                    date: 2020-03-03 19:49:50
(epstopdf)                    size: 19160 bytes
(epstopdf)             Output file: <Figures/5-eps-converted-to.pdf>
(epstopdf)                    date: 2020-03-03 22:10:01
(epstopdf)                    size: 5843 bytes
(epstopdf)             Command: <repstopdf --outfile=Figures/5-eps-converted-to
.pdf Figures/5.eps>
(epstopdf)             \includegraphics on input line 824.
Package epstopdf Info: Output file is already uptodate.


pdfTeX warning: /usr/bin/pdflatex (file ./Figures/5-eps-converted-to.pdf): PDF 
inclusion: found PDF version <1.7>, but at most version <1.5> allowed
<Figures/5-eps-converted-to.pdf, id=303, 421.575pt x 316.18124pt>
File: Figures/5-eps-converted-to.pdf Graphic file (type pdf)
<use Figures/5-eps-converted-to.pdf>
Package pdftex.def Info: Figures/5-eps-converted-to.pdf  used on input line 824
.
(pdftex.def)             Requested size: 548.04742pt x 411.03557pt.
<Figures/test_all.png, id=304, 478.78876pt x 656.4525pt>
File: Figures/test_all.png Graphic file (type png)
<use Figures/test_all.png>
Package pdftex.def Info: Figures/test_all.png  used on input line 829.
(pdftex.def)             Requested size: 383.03152pt x 525.16272pt.
Package babel Info: Redefining russian shorthand "|
(babel)             in language  on input line 935.
Package babel Info: Redefining russian shorthand "~
(babel)             in language  on input line 935.
Package babel Info: Redefining russian shorthand "|
(babel)             in language  on input line 935.
Package babel Info: Redefining russian shorthand "~
(babel)             in language  on input line 935.
[23]
Package babel Info: Redefining russian shorthand "|
(babel)             in language  on input line 935.
Package babel Info: Redefining russian shorthand "~
(babel)             in language  on input line 935.
Package babel Info: Redefining russian shorthand "|
(babel)             in language  on input line 935.
Package babel Info: Redefining russian shorthand "~
(babel)             in language  on input line 935.
 [24 <./Figures/1-eps-converted-to.pdf>]
Package babel Info: Redefining russian shorthand "|
(babel)             in language  on input line 935.
Package babel Info: Redefining russian shorthand "~
(babel)             in language  on input line 935.
Package babel Info: Redefining russian shorthand "|
(babel)             in language  on input line 935.
Package babel Info: Redefining russian shorthand "~
(babel)             in language  on input line 935.
 [25 <./Figures/2-eps-converted-to.pdf>]
Package babel Info: Redefining russian shorthand "|
(babel)             in language  on input line 935.
Package babel Info: Redefining russian shorthand "~
(babel)             in language  on input line 935.
Package babel Info: Redefining russian shorthand "|
(babel)             in language  on input line 935.
Package babel Info: Redefining russian shorthand "~
(babel)             in language  on input line 935.
 [26 <./Figures/3-eps-converted-to.pdf>]
Package babel Info: Redefining russian shorthand "|
(babel)             in language  on input line 935.
Package babel Info: Redefining russian shorthand "~
(babel)             in language  on input line 935.
Package babel Info: Redefining russian shorthand "|
(babel)             in language  on input line 935.
Package babel Info: Redefining russian shorthand "~
(babel)             in language  on input line 935.
 [27 <./Figures/4-eps-converted-to.pdf>]
Package babel Info: Redefining russian shorthand "|
(babel)             in language  on input line 935.
Package babel Info: Redefining russian shorthand "~
(babel)             in language  on input line 935.
Package babel Info: Redefining russian shorthand "|
(babel)             in language  on input line 935.
Package babel Info: Redefining russian shorthand "~
(babel)             in language  on input line 935.
 [28 <./Figures/5-eps-converted-to.pdf>]
Package babel Info: Redefining russian shorthand "|
(babel)             in language  on input line 935.
Package babel Info: Redefining russian shorthand "~
(babel)             in language  on input line 935.
Package babel Info: Redefining russian shorthand "|
(babel)             in language  on input line 935.
Package babel Info: Redefining russian shorthand "~
(babel)             in language  on input line 935.
 [29 <./Figures/test_all.png>]
Package babel Info: Redefining russian shorthand "|
(babel)             in language  on input line 937.
Package babel Info: Redefining russian shorthand "~
(babel)             in language  on input line 937.
Package babel Info: Redefining russian shorthand "|
(babel)             in language  on input line 937.
Package babel Info: Redefining russian shorthand "~
(babel)             in language  on input line 937.

[30] (./Diplom_Sarzhina.toc)
\tf@toc=\write5
\openout5 = `Diplom_Sarzhina.toc'.

Package atveryend Info: Empty hook `BeforeClearDocument' on input line 944.
Package babel Info: Redefining russian shorthand "|
(babel)             in language  on input line 944.
Package babel Info: Redefining russian shorthand "~
(babel)             in language  on input line 944.
Package babel Info: Redefining russian shorthand "|
(babel)             in language  on input line 944.
Package babel Info: Redefining russian shorthand "~
(babel)             in language  on input line 944.
 [31]
Package atveryend Info: Empty hook `AfterLastShipout' on input line 944.
 (./Diplom_Sarzhina.aux)
Package atveryend Info: Executing hook `AtVeryEndDocument' on input line 944.
Package atveryend Info: Executing hook `AtEndAfterFileList' on input line 944.
Package rerunfilecheck Info: File `Diplom_Sarzhina.out' has not changed.
(rerunfilecheck)             Checksum: 46A4DD44462DCD4DF3CAC67D6D9289EC;1916.
Package atveryend Info: Empty hook `AtVeryVeryEnd' on input line 944.
 )
(\end occurred inside a group at level 1)

### simple group (level 1) entered at line 147 ({)
### bottom level 
Here is how much of TeX's memory you used:
 14273 strings out of 492982
 203557 string characters out of 6134896
 419464 words of memory out of 5000000
 17513 multiletter control sequences out of 15000+600000
 15704 words of font info for 42 fonts, out of 8000000 for 9000
 1141 hyphenation exceptions out of 8191
 44i,15n,42p,1955b,529s stack positions out of 5000i,500n,10000p,200000b,80000s
{/usr/share/texmf/fonts/enc/dvips/cm-super/cm-super-t2a.enc}</u
sr/share/texlive/texmf-dist/fonts/type1/public/amsfonts/cm/cmex10.pfb></usr/sha
re/texlive/texmf-dist/fonts/type1/public/amsfonts/cm/cmmi10.pfb></usr/share/tex
live/texmf-dist/fonts/type1/public/amsfonts/cm/cmmi12.pfb></usr/share/texlive/t
exmf-dist/fonts/type1/public/amsfonts/cm/cmmi7.pfb></usr/share/texlive/texmf-di
st/fonts/type1/public/amsfonts/cm/cmr10.pfb></usr/share/texlive/texmf-dist/font
s/type1/public/amsfonts/cm/cmr12.pfb></usr/share/texlive/texmf-dist/fonts/type1
/public/amsfonts/cm/cmr5.pfb></usr/share/texlive/texmf-dist/fonts/type1/public/
amsfonts/cm/cmr7.pfb></usr/share/texlive/texmf-dist/fonts/type1/public/amsfonts
/cm/cmsy10.pfb></usr/share/texlive/texmf-dist/fonts/type1/public/amsfonts/cm/cm
sy7.pfb></usr/share/texlive/texmf-dist/fonts/type1/public/amsfonts/symbols/msam
10.pfb></usr/share/texmf/fonts/type1/public/cm-super/sfbx1440.pfb></usr/share/t
exmf/fonts/type1/public/cm-super/sfbx1728.pfb></usr/share/texmf/fonts/type1/pub
lic/cm-super/sfbx2074.pfb></usr/share/texmf/fonts/type1/public/cm-super/sfrm100
0.pfb></usr/share/texmf/fonts/type1/public/cm-super/sfrm1440.pfb></usr/share/te
xmf/fonts/type1/public/cm-super/sfti1440.pfb>
Output written on Diplom_Sarzhina.pdf (31 pages, 640585 bytes).
PDF statistics:
 457 PDF objects out of 1000 (max. 8388607)
 372 compressed objects within 4 object streams
 87 named destinations out of 1000 (max. 500000)
 115 words of extra memory for PDF output out of 10000 (max. 10000000)

